-------------------------------------------------------------------------------
Test set: com.springboot.junit5.assertions.exceptions.ExpectedExceptionTest
-------------------------------------------------------------------------------
Tests run: 3, Failures: 1, Errors: 0, Skipped: 0, Time elapsed: 0.001 s <<< FAILURE! - in com.springboot.junit5.assertions.exceptions.ExpectedExceptionTest
testExpectedExceptionFail  Time elapsed: 0 s  <<< FAILURE!
org.opentest4j.AssertionFailedError: Expected java.lang.IllegalArgumentException to be thrown, but nothing was thrown.
	at com.springboot.junit5.assertions.exceptions.ExpectedExceptionTest.testExpectedExceptionFail(ExpectedExceptionTest.java:32)

